android/users/wandsmire/Dropbox/NotTiled/android/outputs/logs/manifest-merger-release-report.txt
-- Merging decision tree log ---
manifest
ADDED from NotTiled\android\AndroidManifest.xml:2:1-60:12
INJECTED from NotTiled\android\AndroidManifest.xml:2:1-60:12
INJECTED from NotTiled\android\AndroidManifest.xml:2:1-60:12
INJECTED from NotTiled\android\AndroidManifest.xml:2:1-60:12
INJECTED from NotTiled\android\AndroidManifest.xml:2:1-60:12
INJECTED from NotTiled\android\AndroidManifest.xml:2:1-60:12
INJECTED from NotTiled\android\AndroidManifest.xml:2:1-60:12
	package
		ADDED from NotTiled\android\AndroidManifest.xml:3:5-36
		INJECTED from NotTiled\android\AndroidManifest.xml
		INJECTED from NotTiled\android\AndroidManifest.xml
	android:versionName
		INJECTED from NotTiled\android\AndroidManifest.xml
		ADDED from NotTiled\android\AndroidManifest.xml:2:1-60:12
		INJECTED from NotTiled\android\AndroidManifest.xml
	xmlns:tools
		ADDED from NotTiled\android\AndroidManifest.xml:4:5-51
	android:versionCode
		INJECTED from NotTiled\android\AndroidManifest.xml
		ADDED from NotTiled\android\AndroidManifest.xml:2:1-60:12
		INJECTED from NotTiled\android\AndroidManifest.xml
	xmlns:android
		ADDED from NotTiled\android\AndroidManifest.xml:2:11-69
uses-permission#android.permission.WRITE_EXTERNAL_STORAGE
ADDED from NotTiled\android\AndroidManifest.xml:5:5-81
	android:name
		ADDED from NotTiled\android\AndroidManifest.xml:5:22-78
uses-permission#android.permission.VIBRATE
ADDED from NotTiled\android\AndroidManifest.xml:6:5-66
	android:name
		ADDED from NotTiled\android\AndroidManifest.xml:6:22-63
uses-permission#android.permission.INTERNET
ADDED from NotTiled\android\AndroidManifest.xml:7:5-67
	android:name
		ADDED from NotTiled\android\AndroidManifest.xml:7:22-64
uses-permission#android.permission.ACCESS_NETWORK_STATE
ADDED from NotTiled\android\AndroidManifest.xml:8:5-79
	android:name
		ADDED from NotTiled\android\AndroidManifest.xml:8:22-76
uses-permission#android.permission.RECORD_AUDIO
ADDED from NotTiled\android\AndroidManifest.xml:10:5-71
	android:name
		ADDED from NotTiled\android\AndroidManifest.xml:10:22-68
application
ADDED from NotTiled\android\AndroidManifest.xml:11:5-58:24
	android:requestLegacyExternalStorage
		ADDED from NotTiled\android\AndroidManifest.xml:22:9-52
	android:label
		ADDED from NotTiled\android\AndroidManifest.xml:18:9-41
	android:appCategory
		ADDED from NotTiled\android\AndroidManifest.xml:16:9-35
	android:resizeableActivity
		ADDED from NotTiled\android\AndroidManifest.xml:20:9-44
	android:largeHeap
		ADDED from NotTiled\android\AndroidManifest.xml:17:9-33
	android:icon
		ADDED from NotTiled\android\AndroidManifest.xml:14:9-43
	android:allowBackup
		ADDED from NotTiled\android\AndroidManifest.xml:13:9-35
	android:theme
		ADDED from NotTiled\android\AndroidManifest.xml:19:9-40
	android:isGame
		ADDED from NotTiled\android\AndroidManifest.xml:15:9-30
	android:name
		ADDED from NotTiled\android\AndroidManifest.xml:12:9-54
	android:hasFragileUserData
		ADDED from NotTiled\android\AndroidManifest.xml:21:9-42
activity#com.mirwanda.nottiled.MainActivity
ADDED from NotTiled\android\AndroidManifest.xml:31:5-57:25
	android:label
		ADDED from NotTiled\android\AndroidManifest.xml:33:18-50
	android:configChanges
		ADDED from NotTiled\android\AndroidManifest.xml:34:18-88
	android:name
		ADDED from NotTiled\android\AndroidManifest.xml:32:18-67
intent-filter#action:name:android.intent.action.MAIN+category:name:android.intent.category.LAUNCHER
ADDED from NotTiled\android\AndroidManifest.xml:36:18-40:34
action#android.intent.action.MAIN
ADDED from NotTiled\android\AndroidManifest.xml:37:22-74
	android:name
		ADDED from NotTiled\android\AndroidManifest.xml:37:30-71
category#android.intent.category.LAUNCHER
ADDED from NotTiled\android\AndroidManifest.xml:38:22-82
	android:name
		ADDED from NotTiled\android\AndroidManifest.xml:38:32-79
intent-filter#action:name:android.intent.action.VIEW+category:name:android.intent.category.BROWSABLE+category:name:android.intent.category.DEFAULT+data:host:*+data:mimeType:*/*+data:pathPattern:.*\\.tmx+data:scheme:file
ADDED from NotTiled\android\AndroidManifest.xml:45:18-55:34
data
ADDED from NotTiled\android\AndroidManifest.xml:46:22-49:44
	android:host
		ADDED from NotTiled\android\AndroidManifest.xml:49:26-42
	android:scheme
		ADDED from NotTiled\android\AndroidManifest.xml:46:28-49
	android:pathPattern
		ADDED from NotTiled\android\AndroidManifest.xml:48:26-56
	android:mimeType
		ADDED from NotTiled\android\AndroidManifest.xml:47:26-48
action#android.intent.action.VIEW
ADDED from NotTiled\android\AndroidManifest.xml:51:22-74
	android:name
		ADDED from NotTiled\android\AndroidManifest.xml:51:30-71
category#android.intent.category.DEFAULT
ADDED from NotTiled\android\AndroidManifest.xml:53:22-81
	android:name
		ADDED from NotTiled\android\AndroidManifest.xml:53:32-78
category#android.intent.category.BROWSABLE
ADDED from NotTiled\android\AndroidManifest.xml:54:22-83
	android:name
		ADDED from NotTiled\android\AndroidManifest.xml:54:32-80
uses-sdk
INJECTED from NotTiled\android\AndroidManifest.xml reason: use-sdk injection requested
INJECTED from NotTiled\android\AndroidManifest.xml
INJECTED from NotTiled\android\AndroidManifest.xml
INJECTED from NotTiled\android\AndroidManifest.xml
INJECTED from NotTiled\android\AndroidManifest.xml
	android:targetSdkVersion
		INJECTED from NotTiled\android\AndroidManifest.xml
		ADDED from NotTiled\android\AndroidManifest.xml
		INJECTED from NotTiled\android\AndroidManifest.xml
	android:minSdkVersion
		INJECTED from NotTiled\android\AndroidManifest.xml
		ADDED from NotTiled\android\AndroidManifest.xml
		INJECTED from NotTiled\android\AndroidManifest.xml